<?xml version="1.0" encoding="UTF-8"?>
<testsuite name="tests.SearchTests" tests="1" skipped="0" failures="0" errors="0" timestamp="2022-07-17T17:40:42" hostname="MBP-Taya.lan" time="2.66">
  <properties/>
  <testcase name="searchCurrentMonth" classname="tests.SearchTests" time="2.66"/>
  <system-out><![CDATA[20:40:42.787  INFO  tests.TestBase - Start test with name --->searchCurrentMonth
20:40:42.791  INFO  manager.MyListener - WebDriver start find element -->By.id: city
20:40:43.373  INFO  manager.MyListener - WebDriver start find element -->By.cssSelector: .pac-item
20:40:44.333  INFO  manager.MyListener - WebDriver start find element -->By.id: dates
20:40:44.565  INFO  manager.MyListener - WebDriver start find element -->By.xpath: //div[text()=' 28 ']
20:40:44.804  INFO  manager.MyListener - WebDriver start find element -->By.xpath: //div[text()=' 27 ']
20:40:44.973  INFO  manager.MyListener - WebDriver start find element -->By.cssSelector: button[type='submit']
20:40:45.167  INFO  manager.MyListener - WebDriver start find element -->By.cssSelector: button[type='submit']
]]></system-out>
  <system-err><![CDATA[]]></system-err>
</testsuite>
