<?xml version="1.0" encoding="UTF-8"?>
<testsuite name="tests.AddNewCar" tests="1" skipped="0" failures="0" errors="0" timestamp="2022-07-24T17:52:16" hostname="MBP-Taya.lan" time="11.568">
  <properties/>
  <testcase name="addNewCarSuccess" classname="tests.AddNewCar" time="11.568"/>
  <system-out><![CDATA[20:52:09.235  INFO  tests.TestBase - Start test with name --->addNewCarSuccess
20:52:09.239  INFO  manager.MyListener - New Before find by --> By.xpath: //a[text()=' Logout ']
20:52:14.264  INFO  manager.MyListener - WebDriver start find element -->By.xpath: //a[text()=' Log in ']
20:52:14.629  INFO  manager.MyListener - WebDriver start find element -->By.id: email
20:52:15.018  INFO  manager.MyListener - WebDriver start find element -->By.id: password
20:52:15.387  INFO  manager.MyListener - WebDriver start find element -->By.cssSelector: button[type='submit']
20:52:15.498  INFO  manager.MyListener - WebDriver start find element -->By.cssSelector: button[type='submit']
20:52:15.784  INFO  manager.MyListener - New Before find by --> By.xpath: //button[text()='Ok']
20:52:16.505  INFO  manager.MyListener - WebDriver start find element -->By.xpath: //button[text()='Ok']
20:52:17.802  INFO  manager.MyListener - WebDriver start find element -->By.id: 1
20:52:18.140  INFO  manager.MyListener - WebDriver start find element -->By.id: pickUpPlace
20:52:18.465  INFO  manager.MyListener - WebDriver start find element -->By.cssSelector: div.pac-item
20:52:20.085  INFO  manager.MyListener - WebDriver start find element -->By.id: make
20:52:20.384  INFO  manager.MyListener - WebDriver start find element -->By.id: model
20:52:20.685  INFO  manager.MyListener - WebDriver start find element -->By.id: year
20:52:20.983  INFO  manager.MyListener - WebDriver start find element -->By.id: engine
20:52:21.347  INFO  manager.MyListener - WebDriver start find element -->By.id: fuel
20:52:21.680  INFO  manager.MyListener - WebDriver start find element -->By.id: gear
20:52:22.044  INFO  manager.MyListener - WebDriver start find element -->By.id: wheelsDrive
20:52:22.370  INFO  manager.MyListener - WebDriver start find element -->By.id: doors
20:52:22.665  INFO  manager.MyListener - WebDriver start find element -->By.id: seats
20:52:22.940  INFO  manager.MyListener - WebDriver start find element -->By.id: class
20:52:23.241  INFO  manager.MyListener - WebDriver start find element -->By.id: fuelConsumption
20:52:23.553  INFO  manager.MyListener - WebDriver start find element -->By.id: serialNumber
20:52:23.876  INFO  manager.MyListener - WebDriver start find element -->By.id: price
20:52:24.175  INFO  manager.MyListener - WebDriver start find element -->By.id: distance
20:52:24.468  INFO  manager.MyListener - WebDriver start find element -->By.cssSelector: input[placeholder='Type feature']
20:52:24.750  INFO  manager.MyListener - WebDriver start find element -->By.id: about
20:52:25.089  INFO  manager.MyListener - WebDriver start find element -->By.id: photos
20:52:25.155  INFO  manager.MyListener - WebDriver start find element -->By.cssSelector: button[type='submit']
20:52:26.801  INFO  manager.MyListener - WebDriver start find element -->By.cssSelector: button[type='submit']
20:52:27.066  INFO  manager.MyListener - WebDriver start find element -->By.cssSelector: div.dialog-container
20:52:28.235  INFO  manager.MyListener - WebDriver start find element -->By.cssSelector: div.dialog-container h1
20:52:28.357  INFO  manager.MyListener - WebDriver start find element -->By.xpath: //button[text()='Search cars']
]]></system-out>
  <system-err><![CDATA[console.warn: LoginRecipes: "getRecipes: falling back to a synchronous message for:" "https://ilcarro-1578153671498.web.app"
console.warn: LoginRecipes: "getRecipes: falling back to a synchronous message for:" "https://ilcarro-1578153671498.web.app"
JavaScript error: resource://gre/modules/LoginManagerParent.jsm, line 136: TypeError: gRecipeManager is null
console.warn: LoginRecipes: "getRecipes: falling back to a synchronous message for:" "https://ilcarro-1578153671498.web.app"
JavaScript error: resource://gre/modules/LoginManagerParent.jsm, line 136: TypeError: gRecipeManager is null
JavaScript error: resource://gre/modules/XULStore.jsm, line 66: Error: Can't find profile directory.
JavaScript error: resource://gre/modules/XULStore.jsm, line 66: Error: Can't find profile directory.
1658685139369	Marionette	WARN	TimedPromise timed out after 500 ms: stacktrace:
TimedPromise/<@chrome://remote/content/marionette/sync.js:235:19
TimedPromise@chrome://remote/content/marionette/sync.js:220:10
interaction.flushEventLoop@chrome://remote/content/marionette/interaction.js:431:10
webdriverClickElement@chrome://remote/content/marionette/interaction.js:179:31
console.warn: LoginRecipes: "getRecipes: falling back to a synchronous message for:" "https://ilcarro-1578153671498.web.app"
JavaScript error: resource://gre/modules/LoginManagerParent.jsm, line 136: TypeError: gRecipeManager is null
]]></system-err>
</testsuite>
