<?xml version="1.0" encoding="UTF-8"?>
<testsuite name="tests.LoginTests" tests="1" skipped="0" failures="0" errors="0" timestamp="2022-06-29T13:45:22" hostname="MBP-Taya.lan" time="0.689">
  <properties/>
  <testcase name="loginSuccess" classname="tests.LoginTests" time="0.689"/>
  <system-out><![CDATA[]]></system-out>
  <system-err><![CDATA[]]></system-err>
</testsuite>
