<?xml version="1.0" encoding="UTF-8"?>
<testsuite name="tests.LoginTests" tests="1" skipped="0" failures="0" errors="0" timestamp="2022-07-17T16:02:11" hostname="MBP-Taya.lan" time="5.437">
  <properties/>
  <testcase name="loginSuccess" classname="tests.LoginTests" time="5.437"/>
  <system-out><![CDATA[19:02:06.028  INFO  tests.TestBase - Start test with name --->loginSuccess
19:02:06.031  INFO  manager.MyListener - New Before find by --> By.xpath: //a[text()=' Logout ']
19:02:11.112  INFO  tests.TestBase - Test start with email : 'noa@gmail.com' & password 'Nnoa12345$'
19:02:11.113  INFO  manager.MyListener - WebDriver start find element -->By.xpath: //a[text()=' Log in ']
19:02:11.445  INFO  manager.MyListener - WebDriver start find element -->By.id: email
19:02:12.632  INFO  manager.MyListener - WebDriver start find element -->By.id: password
19:02:13.613  INFO  manager.MyListener - WebDriver start find element -->By.cssSelector: button[type='submit']
19:02:13.837  INFO  manager.MyListener - WebDriver start find element -->By.cssSelector: button[type='submit']
19:02:14.129  INFO  manager.MyListener - WebDriver start find element -->By.cssSelector: div.dialog-container
19:02:16.446  INFO  manager.MyListener - WebDriver start find element -->By.cssSelector: div.dialog-container h1
19:02:16.546  INFO  tests.TestBase - Test passed
19:02:16.554  INFO  manager.MyListener - New Before find by --> By.xpath: //button[text()='Ok']
19:02:16.712  INFO  manager.MyListener - WebDriver start find element -->By.xpath: //button[text()='Ok']
]]></system-out>
  <system-err><![CDATA[]]></system-err>
</testsuite>
