<?xml version="1.0" encoding="UTF-8"?>
<testsuite name="tests.RegistrationTests" tests="1" skipped="0" failures="0" errors="0" timestamp="2022-07-03T18:00:39" hostname="MacBook-Pro-Taya.local" time="3.178">
  <properties/>
  <testcase name="registrationSuccess" classname="tests.RegistrationTests" time="3.178"/>
  <system-out><![CDATA[]]></system-out>
  <system-err><![CDATA[]]></system-err>
</testsuite>
