<?xml version="1.0" encoding="UTF-8"?>
<testsuite name="tests.AddNewCar" tests="1" skipped="0" failures="0" errors="0" timestamp="2022-07-10T16:08:49" hostname="MBP-Taya.lan" time="11.809">
  <properties/>
  <testcase name="addNewCarSuccess" classname="tests.AddNewCar" time="11.809"/>
  <system-out><![CDATA[]]></system-out>
  <system-err><![CDATA[]]></system-err>
</testsuite>
