<?xml version="1.0" encoding="UTF-8"?>
<testsuite name="tests.AddNewCar" tests="1" skipped="0" failures="0" errors="0" timestamp="2022-07-27T17:27:03" hostname="MBP-Taya.lan" time="11.393">
  <properties/>
  <testcase name="addNewCarSuccess" classname="tests.AddNewCar" time="11.393"/>
  <system-out><![CDATA[20:27:03.738  INFO  tests.TestBase - Start test with name --->addNewCarSuccess
20:27:03.741  INFO  manager.MyListener - New Before find by --> By.xpath: //a[text()=' Logout ']
20:27:04.805  INFO  manager.MyListener - WebDriver start find element -->By.id: 1
20:27:04.948  INFO  manager.MyListener - WebDriver start find element -->By.id: pickUpPlace
20:27:05.418  INFO  manager.MyListener - WebDriver start find element -->By.cssSelector: div.pac-item
20:27:06.455  INFO  manager.MyListener - WebDriver start find element -->By.id: make
20:27:06.788  INFO  manager.MyListener - WebDriver start find element -->By.id: model
20:27:07.102  INFO  manager.MyListener - WebDriver start find element -->By.id: year
20:27:07.530  INFO  manager.MyListener - WebDriver start find element -->By.id: engine
20:27:07.892  INFO  manager.MyListener - WebDriver start find element -->By.id: fuel
20:27:08.202  INFO  manager.MyListener - WebDriver start find element -->By.id: gear
20:27:08.488  INFO  manager.MyListener - WebDriver start find element -->By.id: wheelsDrive
20:27:08.751  INFO  manager.MyListener - WebDriver start find element -->By.id: doors
20:27:09.223  INFO  manager.MyListener - WebDriver start find element -->By.id: seats
20:27:09.505  INFO  manager.MyListener - WebDriver start find element -->By.id: class
20:27:09.998  INFO  manager.MyListener - WebDriver start find element -->By.id: fuelConsumption
20:27:10.444  INFO  manager.MyListener - WebDriver start find element -->By.id: serialNumber
20:27:10.823  INFO  manager.MyListener - WebDriver start find element -->By.id: price
20:27:11.201  INFO  manager.MyListener - WebDriver start find element -->By.id: distance
20:27:11.610  INFO  manager.MyListener - WebDriver start find element -->By.cssSelector: input[placeholder='Type feature']
20:27:11.872  INFO  manager.MyListener - WebDriver start find element -->By.id: about
20:27:12.062  INFO  manager.MyListener - WebDriver start find element -->By.id: photos
20:27:12.179  INFO  manager.MyListener - WebDriver start find element -->By.cssSelector: button[type='submit']
20:27:13.823  INFO  manager.MyListener - WebDriver start find element -->By.cssSelector: button[type='submit']
20:27:13.957  INFO  manager.MyListener - WebDriver start find element -->By.cssSelector: div.dialog-container
20:27:15.094  INFO  manager.MyListener - WebDriver start find element -->By.cssSelector: div.dialog-container h1
20:27:15.185  INFO  manager.MyListener - WebDriver start find element -->By.xpath: //button[text()='Search cars']
]]></system-out>
  <system-err><![CDATA[]]></system-err>
</testsuite>
